# JRE version: Java(TM) SE Runtime Environment (8.0_131-b11) (build 1.8.0_131-b11)
# Java VM: Java HotSpot(TM) 64-Bit Server VM (25.131-b11 mixed mode windows-amd64 compressed oops)
Heap:
 PSYoungGen      total 343552K, used 85531K [0x00000000d5580000, 0x00000000ed500000, 0x0000000100000000)
  eden space 297472K, 18% used [0x00000000d5580000,0x00000000d8c81580,0x00000000e7800000)
  from space 46080K, 63% used [0x00000000ea800000,0x00000000ec485a40,0x00000000ed500000)
  to   space 47616K, 0% used [0x00000000e7800000,0x00000000e7800000,0x00000000ea680000)
 ParOldGen       total 211456K, used 171193K [0x0000000080000000, 0x000000008ce80000, 0x00000000d5580000)
  object space 211456K, 80% used [0x0000000080000000,0x000000008a72e528,0x000000008ce80000)
 Metaspace       used 68935K, capacity 70878K, committed 71000K, reserved 1112064K
  class space    used 8830K, capacity 9261K, committed 9344K, reserved 1048576K
GC Heap History (10 events):
Event: 90.296 GC heap before
{Heap before GC invocations=45 (full 5):
 PSYoungGen      total 273920K, used 26878K [0x00000000d5580000, 0x00000000e8a80000, 0x0000000100000000)
  eden space 238080K, 0% used [0x00000000d5580000,0x00000000d5580000,0x00000000e3e00000)
  from space 35840K, 74% used [0x00000000e6300000,0x00000000e7d3f940,0x00000000e8600000)
  to   space 37888K, 0% used [0x00000000e3e00000,0x00000000e3e00000,0x00000000e6300000)
 ParOldGen       total 157696K, used 146840K [0x0000000080000000, 0x0000000089a00000, 0x00000000d5580000)
  object space 157696K, 93% used [0x0000000080000000,0x0000000088f66320,0x0000000089a00000)
 Metaspace       used 68253K, capacity 70164K, committed 70360K, reserved 1110016K
  class space    used 8763K, capacity 9158K, committed 9216K, reserved 1048576K
Event: 91.403 GC heap after
Heap after GC invocations=45 (full 5):
 PSYoungGen      total 273920K, used 0K [0x00000000d5580000, 0x00000000e8a80000, 0x0000000100000000)
  eden space 238080K, 0% used [0x00000000d5580000,0x00000000d5580000,0x00000000e3e00000)
  from space 35840K, 0% used [0x00000000e6300000,0x00000000e6300000,0x00000000e8600000)
  to   space 37888K, 0% used [0x00000000e3e00000,0x00000000e3e00000,0x00000000e6300000)
 ParOldGen       total 211456K, used 124299K [0x0000000080000000, 0x000000008ce80000, 0x00000000d5580000)
  object space 211456K, 58% used [0x0000000080000000,0x0000000087962f98,0x000000008ce80000)
 Metaspace       used 68253K, capacity 70164K, committed 70360K, reserved 1110016K
  class space    used 8763K, capacity 9158K, committed 9216K, reserved 1048576K
}
Event: 92.328 GC heap before
{Heap before GC invocations=46 (full 5):
 PSYoungGen      total 273920K, used 238080K [0x00000000d5580000, 0x00000000e8a80000, 0x0000000100000000)
  eden space 238080K, 100% used [0x00000000d5580000,0x00000000e3e00000,0x00000000e3e00000)
  from space 35840K, 0% used [0x00000000e6300000,0x00000000e6300000,0x00000000e8600000)
  to   space 37888K, 0% used [0x00000000e3e00000,0x00000000e3e00000,0x00000000e6300000)
 ParOldGen       total 211456K, used 124299K [0x0000000080000000, 0x000000008ce80000, 0x00000000d5580000)
  object space 211456K, 58% used [0x0000000080000000,0x0000000087962f98,0x000000008ce80000)
 Metaspace       used 68257K, capacity 70164K, committed 70360K, reserved 1110016K
  class space    used 8763K, capacity 9158K, committed 9216K, reserved 1048576K
Event: 92.417 GC heap after
Heap after GC invocations=46 (full 5):
 PSYoungGen      total 275968K, used 29204K [0x00000000d5580000, 0x00000000ea900000, 0x0000000100000000)
  eden space 238080K, 0% used [0x00000000d5580000,0x00000000d5580000,0x00000000e3e00000)
  from space 37888K, 77% used [0x00000000e3e00000,0x00000000e5a85308,0x00000000e6300000)
  to   space 40448K, 0% used [0x00000000e8180000,0x00000000e8180000,0x00000000ea900000)
 ParOldGen       total 211456K, used 124299K [0x0000000080000000, 0x000000008ce80000, 0x00000000d5580000)
  object space 211456K, 58% used [0x0000000080000000,0x0000000087962f98,0x000000008ce80000)
 Metaspace       used 68257K, capacity 70164K, committed 70360K, reserved 1110016K
  class space    used 8763K, capacity 9158K, committed 9216K, reserved 1048576K
}
Event: 93.799 GC heap before
{Heap before GC invocations=47 (full 5):
 PSYoungGen      total 275968K, used 267284K [0x00000000d5580000, 0x00000000ea900000, 0x0000000100000000)
  eden space 238080K, 100% used [0x00000000d5580000,0x00000000e3e00000,0x00000000e3e00000)
  from space 37888K, 77% used [0x00000000e3e00000,0x00000000e5a85308,0x00000000e6300000)
  to   space 40448K, 0% used [0x00000000e8180000,0x00000000e8180000,0x00000000ea900000)
 ParOldGen       total 211456K, used 124299K [0x0000000080000000, 0x000000008ce80000, 0x00000000d5580000)
  object space 211456K, 58% used [0x0000000080000000,0x0000000087962f98,0x000000008ce80000)
 Metaspace       used 68294K, capacity 70228K, committed 70360K, reserved 1110016K
  class space    used 8764K, capacity 9158K, committed 9216K, reserved 1048576K
Event: 93.903 GC heap after
Heap after GC invocations=47 (full 5):
 PSYoungGen      total 304128K, used 32533K [0x00000000d5580000, 0x00000000eaf00000, 0x0000000100000000)
  eden space 263680K, 0% used [0x00000000d5580000,0x00000000d5580000,0x00000000e5700000)
  from space 40448K, 80% used [0x00000000e8180000,0x00000000ea145570,0x00000000ea900000)
  to   space 43520K, 0% used [0x00000000e5700000,0x00000000e5700000,0x00000000e8180000)
 ParOldGen       total 211456K, used 140320K [0x0000000080000000, 0x000000008ce80000, 0x00000000d5580000)
  object space 211456K, 66% used [0x0000000080000000,0x00000000889080e0,0x000000008ce80000)
 Metaspace       used 68294K, capacity 70228K, committed 70360K, reserved 1110016K
  class space    used 8764K, capacity 9158K, committed 9216K, reserved 1048576K
}
Event: 94.880 GC heap before
{Heap before GC invocations=48 (full 5):
 PSYoungGen      total 304128K, used 296213K [0x00000000d5580000, 0x00000000eaf00000, 0x0000000100000000)
  eden space 263680K, 100% used [0x00000000d5580000,0x00000000e5700000,0x00000000e5700000)
  from space 40448K, 80% used [0x00000000e8180000,0x00000000ea145570,0x00000000ea900000)
  to   space 43520K, 0% used [0x00000000e5700000,0x00000000e5700000,0x00000000e8180000)
 ParOldGen       total 211456K, used 140320K [0x0000000080000000, 0x000000008ce80000, 0x00000000d5580000)
  object space 211456K, 66% used [0x0000000080000000,0x00000000889080e0,0x000000008ce80000)
 Metaspace       used 68296K, capacity 70228K, committed 70360K, reserved 1110016K
  class space    used 8764K, capacity 9158K, committed 9216K, reserved 1048576K
Event: 95.061 GC heap after
Heap after GC invocations=48 (full 5):
 PSYoungGen      total 307200K, used 36647K [0x00000000d5580000, 0x00000000ed680000, 0x0000000100000000)
  eden space 263680K, 0% used [0x00000000d5580000,0x00000000d5580000,0x00000000e5700000)
  from space 43520K, 84% used [0x00000000e5700000,0x00000000e7ac9de8,0x00000000e8180000)
  to   space 47616K, 0% used [0x00000000ea800000,0x00000000ea800000,0x00000000ed680000)
 ParOldGen       total 211456K, used 158855K [0x0000000080000000, 0x000000008ce80000, 0x00000000d5580000)
  object space 211456K, 75% used [0x0000000080000000,0x0000000089b21cb0,0x000000008ce80000)
 Metaspace       used 68296K, capacity 70228K, committed 70360K, reserved 1110016K
  class space    used 8764K, capacity 9158K, committed 9216K, reserved 1048576K
}
Event: 96.833 GC heap before
{Heap before GC invocations=49 (full 5):
 PSYoungGen      total 307200K, used 300327K [0x00000000d5580000, 0x00000000ed680000, 0x0000000100000000)
  eden space 263680K, 100% used [0x00000000d5580000,0x00000000e5700000,0x00000000e5700000)
  from space 43520K, 84% used [0x00000000e5700000,0x00000000e7ac9de8,0x00000000e8180000)
  to   space 47616K, 0% used [0x00000000ea800000,0x00000000ea800000,0x00000000ed680000)
 ParOldGen       total 211456K, used 158855K [0x0000000080000000, 0x000000008ce80000, 0x00000000d5580000)
  object space 211456K, 75% used [0x0000000080000000,0x0000000089b21cb0,0x000000008ce80000)
 Metaspace       used 68423K, capacity 70326K, committed 70616K, reserved 1110016K
  class space    used 8774K, capacity 9191K, committed 9216K, reserved 1048576K
Event: 96.917 GC heap after
Heap after GC invocations=49 (full 5):
 PSYoungGen      total 343552K, used 29206K [0x00000000d5580000, 0x00000000ed500000, 0x0000000100000000)
  eden space 297472K, 0% used [0x00000000d5580000,0x00000000d5580000,0x00000000e7800000)
  from space 46080K, 63% used [0x00000000ea800000,0x00000000ec485a40,0x00000000ed500000)
  to   space 47616K, 0% used [0x00000000e7800000,0x00000000e7800000,0x00000000ea680000)
 ParOldGen       total 211456K, used 171193K [0x0000000080000000, 0x000000008ce80000, 0x00000000d5580000)
  object space 211456K, 80% used [0x0000000080000000,0x000000008a72e528,0x000000008ce80000)
 Metaspace       used 68423K, capacity 70326K, committed 70616K, reserved 1110016K
  class space    used 8774K, capacity 9191K, committed 9216K, reserved 1048576K
}

